2022-08-28 20:20:21,943 INFO Set uid to user 0 succeeded
2022-08-28 20:20:21,944 INFO supervisord started with pid 1
2022-08-28 20:20:22,946 INFO spawned: 'nginx' with pid 7
2022-08-28 20:20:23,954 INFO success: nginx entered RUNNING state, process has stayed up for > than 1 seconds (startsecs)
2022-08-28 20:21:25,413 WARN received SIGQUIT indicating exit request
2022-08-28 20:21:25,413 INFO waiting for nginx to die
2022-08-28 20:21:25,435 INFO stopped: nginx (exit status 0)
2022-08-28 20:21:44,916 INFO Set uid to user 0 succeeded
2022-08-28 20:21:44,918 INFO supervisord started with pid 1
2022-08-28 20:21:45,920 INFO spawned: 'nginx' with pid 7
2022-08-28 20:21:46,929 INFO success: nginx entered RUNNING state, process has stayed up for > than 1 seconds (startsecs)
2022-08-28 20:22:34,982 WARN received SIGQUIT indicating exit request
2022-08-28 20:22:34,982 INFO waiting for nginx to die
2022-08-28 20:22:35,005 INFO stopped: nginx (exit status 0)
2022-08-28 20:22:56,849 INFO Set uid to user 0 succeeded
2022-08-28 20:22:56,851 INFO supervisord started with pid 1
2022-08-28 20:22:57,853 INFO spawned: 'nginx' with pid 7
2022-08-28 20:22:58,864 INFO success: nginx entered RUNNING state, process has stayed up for > than 1 seconds (startsecs)
2022-08-28 20:24:16,460 WARN received SIGQUIT indicating exit request
2022-08-28 20:24:16,461 INFO waiting for nginx to die
2022-08-28 20:24:16,478 INFO stopped: nginx (exit status 0)
2022-08-28 20:24:32,283 INFO Set uid to user 0 succeeded
2022-08-28 20:24:32,285 INFO supervisord started with pid 1
2022-08-28 20:24:33,287 INFO spawned: 'nginx' with pid 6
2022-08-28 20:24:34,360 INFO success: nginx entered RUNNING state, process has stayed up for > than 1 seconds (startsecs)
2022-08-28 20:25:16,611 WARN received SIGQUIT indicating exit request
2022-08-28 20:25:16,611 INFO waiting for nginx to die
2022-08-28 20:25:16,623 INFO stopped: nginx (exit status 0)
2022-08-28 20:25:33,282 INFO Set uid to user 0 succeeded
2022-08-28 20:25:33,284 INFO supervisord started with pid 1
2022-08-28 20:25:34,286 INFO spawned: 'nginx' with pid 7
2022-08-28 20:25:35,571 INFO success: nginx entered RUNNING state, process has stayed up for > than 1 seconds (startsecs)
2022-08-28 20:26:48,118 WARN received SIGQUIT indicating exit request
2022-08-28 20:26:48,118 INFO waiting for nginx to die
2022-08-28 20:26:48,132 INFO stopped: nginx (exit status 0)
2022-08-28 20:27:12,577 INFO Set uid to user 0 succeeded
2022-08-28 20:27:12,579 INFO supervisord started with pid 1
2022-08-28 20:27:13,581 INFO spawned: 'nginx' with pid 7
2022-08-28 20:27:15,054 INFO success: nginx entered RUNNING state, process has stayed up for > than 1 seconds (startsecs)
2022-08-28 20:38:03,757 WARN received SIGQUIT indicating exit request
2022-08-28 20:38:03,757 INFO waiting for nginx to die
2022-08-28 20:38:03,774 INFO stopped: nginx (exit status 0)
